<?xml version="1.0" encoding="utf-8"?><testsuites name="pytest tests"><testsuite name="pytest" errors="0" failures="1" skipped="0" tests="24" time="7.410" timestamp="2026-05-03T04:59:44.736148+00:00" hostname="agent-env-af9dc819-41c3-42c8-b8c1-27ee0891506a"><testcase classname="backend.tests.backend_test.TestPublic" name="test_root" time="0.274" /><testcase classname="backend.tests.backend_test.TestPublic" name="test_plans" time="0.141" /><testcase classname="backend.tests.backend_test.TestAuthGate" name="test_me_unauth_401" time="0.107" /><testcase classname="backend.tests.backend_test.TestAuthGate" name="test_projects_unauth_401" time="0.141" /><testcase classname="backend.tests.backend_test.TestAuthGate" name="test_auth_me_with_token" time="0.116" /><testcase classname="backend.tests.backend_test.TestProjects" name="test_create_project" time="0.182" /><testcase classname="backend.tests.backend_test.TestProjects" name="test_list_projects" time="0.113" /><testcase classname="backend.tests.backend_test.TestLinks" name="test_create_link" time="0.131" /><testcase classname="backend.tests.backend_test.TestLinks" name="test_list_links" time="0.119" /><testcase classname="backend.tests.backend_test.TestRedirectAndConversion" name="test_redirect_302_and_click_logged" time="1.016" /><testcase classname="backend.tests.backend_test.TestRedirectAndConversion" name="test_redirect_unknown_404" time="0.515" /><testcase classname="backend.tests.backend_test.TestRedirectAndConversion" name="test_conversion_public" time="1.139" /><testcase classname="backend.tests.backend_test.TestRedirectAndConversion" name="test_conversion_missing_click_id" time="0.142" /><testcase classname="backend.tests.backend_test.TestGoals" name="test_create_goal" time="0.133" /><testcase classname="backend.tests.backend_test.TestGoals" name="test_list_goals" time="0.123" /><testcase classname="backend.tests.backend_test.TestAnalytics" name="test_overview" time="0.111" /><testcase classname="backend.tests.backend_test.TestAnalytics" name="test_recent_clicks" time="0.113" /><testcase classname="backend.tests.backend_test.TestSeed" name="test_seed_demo" time="1.113" /><testcase classname="backend.tests.backend_test.TestStripe" name="test_checkout_creates_session" time="0.682" /><testcase classname="backend.tests.backend_test.TestStripe" name="test_checkout_invalid_plan" time="0.108" /><testcase classname="backend.tests.backend_test.TestStripe" name="test_checkout_status" time="0.351"><failure message="AssertionError: Internal Server Error&#10;assert 500 == 200&#10; +  where 500 = &lt;Response [500]&gt;.status_code">backend/tests/backend_test.py:225: in test_checkout_status
    assert r.status_code == 200, r.text
E   AssertionError: Internal Server Error
E   assert 500 == 200
E    +  where 500 = &lt;Response [500]&gt;.status_code</failure></testcase><testcase classname="backend.tests.backend_test.TestZZCleanup" name="test_delete_link" time="0.118" /><testcase classname="backend.tests.backend_test.TestZZCleanup" name="test_delete_goal" time="0.122" /><testcase classname="backend.tests.backend_test.TestZZCleanup" name="test_delete_project" time="0.135" /></testsuite></testsuites>